0 info it worked if it ends with ok
1 verbose cli [ '/usr/bin/nodejs',
1 verbose cli   '/usr/bin/npm',
1 verbose cli   'install',
1 verbose cli   'ejs@2.3.4',
1 verbose cli   '--save',
1 verbose cli   '--save-exact' ]
2 info using npm@3.10.3
3 info using node@v6.7.0
4 silly loadCurrentTree Starting
5 silly install loadCurrentTree
6 silly install readLocalPackageData
7 silly fetchPackageMetaData ejs@2.3.4
8 silly fetchNamedPackageData ejs
9 silly mapToRegistry name ejs
10 silly mapToRegistry using default registry
11 silly mapToRegistry registry https://registry.npmjs.org/
12 silly mapToRegistry data Result {
12 silly mapToRegistry   raw: 'ejs',
12 silly mapToRegistry   scope: null,
12 silly mapToRegistry   escapedName: 'ejs',
12 silly mapToRegistry   name: 'ejs',
12 silly mapToRegistry   rawSpec: '',
12 silly mapToRegistry   spec: 'latest',
12 silly mapToRegistry   type: 'tag' }
13 silly mapToRegistry uri https://registry.npmjs.org/ejs
14 verbose request uri https://registry.npmjs.org/ejs
15 verbose request no auth needed
16 info attempt registry request try #1 at 7:26:09 AM
17 verbose request id 944e5ce857e6490a
18 http request GET https://registry.npmjs.org/ejs
19 info retry will retry, error on last attempt: Error: tunneling socket could not be established, statusCode=407
20 info attempt registry request try #2 at 7:26:20 AM
21 http request GET https://registry.npmjs.org/ejs
22 info retry will retry, error on last attempt: Error: tunneling socket could not be established, statusCode=407
23 info attempt registry request try #3 at 7:27:20 AM
24 http request GET https://registry.npmjs.org/ejs
25 silly fetchPackageMetaData Error: tunneling socket could not be established, statusCode=407
25 silly fetchPackageMetaData     at ClientRequest.onConnect (/usr/lib/node_modules/npm/node_modules/request/node_modules/tunnel-agent/index.js:165:19)
25 silly fetchPackageMetaData     at ClientRequest.g (events.js:291:16)
25 silly fetchPackageMetaData     at emitThree (events.js:116:13)
25 silly fetchPackageMetaData     at ClientRequest.emit (events.js:194:7)
25 silly fetchPackageMetaData     at Socket.socketOnData (_http_client.js:393:11)
25 silly fetchPackageMetaData     at emitOne (events.js:96:13)
25 silly fetchPackageMetaData     at Socket.emit (events.js:188:7)
25 silly fetchPackageMetaData     at readableAddChunk (_stream_readable.js:176:18)
25 silly fetchPackageMetaData     at Socket.Readable.push (_stream_readable.js:134:10)
25 silly fetchPackageMetaData     at TCP.onread (net.js:543:20)
25 silly fetchPackageMetaData  error for ejs@2.3.4 { Error: tunneling socket could not be established, statusCode=407
25 silly fetchPackageMetaData     at ClientRequest.onConnect (/usr/lib/node_modules/npm/node_modules/request/node_modules/tunnel-agent/index.js:165:19)
25 silly fetchPackageMetaData     at ClientRequest.g (events.js:291:16)
25 silly fetchPackageMetaData     at emitThree (events.js:116:13)
25 silly fetchPackageMetaData     at ClientRequest.emit (events.js:194:7)
25 silly fetchPackageMetaData     at Socket.socketOnData (_http_client.js:393:11)
25 silly fetchPackageMetaData     at emitOne (events.js:96:13)
25 silly fetchPackageMetaData     at Socket.emit (events.js:188:7)
25 silly fetchPackageMetaData     at readableAddChunk (_stream_readable.js:176:18)
25 silly fetchPackageMetaData     at Socket.Readable.push (_stream_readable.js:134:10)
25 silly fetchPackageMetaData     at TCP.onread (net.js:543:20) code: 'ECONNRESET' }
26 silly rollbackFailedOptional Starting
27 silly rollbackFailedOptional Finishing
28 silly runTopLevelLifecycles Starting
29 silly runTopLevelLifecycles Finishing
30 silly install printInstalled
31 verbose stack Error: tunneling socket could not be established, statusCode=407
31 verbose stack     at ClientRequest.onConnect (/usr/lib/node_modules/npm/node_modules/request/node_modules/tunnel-agent/index.js:165:19)
31 verbose stack     at ClientRequest.g (events.js:291:16)
31 verbose stack     at emitThree (events.js:116:13)
31 verbose stack     at ClientRequest.emit (events.js:194:7)
31 verbose stack     at Socket.socketOnData (_http_client.js:393:11)
31 verbose stack     at emitOne (events.js:96:13)
31 verbose stack     at Socket.emit (events.js:188:7)
31 verbose stack     at readableAddChunk (_stream_readable.js:176:18)
31 verbose stack     at Socket.Readable.push (_stream_readable.js:134:10)
31 verbose stack     at TCP.onread (net.js:543:20)
32 verbose cwd /home/osgdev/HA356348/ChatApp
33 error Linux 4.2.0-41-generic
34 error argv "/usr/bin/nodejs" "/usr/bin/npm" "install" "ejs@2.3.4" "--save" "--save-exact"
35 error node v6.7.0
36 error npm  v3.10.3
37 error code ECONNRESET
38 error network tunneling socket could not be established, statusCode=407
39 error network This is most likely not a problem with npm itself
39 error network and is related to network connectivity.
39 error network In most cases you are behind a proxy or have bad network settings.
39 error network
39 error network If you are behind a proxy, please make sure that the
39 error network 'proxy' config is set properly.  See: 'npm help config'
40 verbose exit [ 1, true ]
